2023-12-27 20:50:31,564 INFO o.h.v.i.u.Version [background-preinit] HV000001: Hibernate Validator 8.0.1.Final
2023-12-27 20:50:31,625 INFO o.s.b.StartupInfoLogger [restartedMain] Starting Challenge6BinarFoodApplication using Java 21 with PID 24492 (B:\SYNRGY\Project_Challange_Binar\Challenge_6-BinarFood\target\classes started by AJAY in B:\SYNRGY\Project_Challange_Binar\Challenge_6-BinarFood)
2023-12-27 20:50:31,627 INFO o.s.b.SpringApplication [restartedMain] No active profile set, falling back to 1 default profile: "default"
2023-12-27 20:50:31,709 INFO o.s.b.l.DeferredLog [restartedMain] Devtools property defaults active! Set 'spring.devtools.add-properties' to 'false' to disable
2023-12-27 20:50:31,709 INFO o.s.b.l.DeferredLog [restartedMain] For additional web related logging consider setting the 'logging.level.web' property to 'DEBUG'
2023-12-27 20:50:33,394 INFO o.s.d.r.c.RepositoryConfigurationDelegate [restartedMain] Bootstrapping Spring Data JPA repositories in DEFAULT mode.
2023-12-27 20:50:33,531 INFO o.s.d.r.c.RepositoryConfigurationDelegate [restartedMain] Finished Spring Data repository scanning in 121 ms. Found 6 JPA repository interfaces.
2023-12-27 20:50:34,594 INFO o.s.b.w.e.t.TomcatWebServer [restartedMain] Tomcat initialized with port(s): 8080 (http)
2023-12-27 20:50:34,606 INFO o.a.j.l.DirectJDKLog [restartedMain] Initializing ProtocolHandler ["http-nio-8080"]
2023-12-27 20:50:34,615 INFO o.a.j.l.DirectJDKLog [restartedMain] Starting service [Tomcat]
2023-12-27 20:50:34,616 INFO o.a.j.l.DirectJDKLog [restartedMain] Starting Servlet engine: [Apache Tomcat/10.1.15]
2023-12-27 20:50:34,718 INFO o.a.j.l.DirectJDKLog [restartedMain] Initializing Spring embedded WebApplicationContext
2023-12-27 20:50:34,719 INFO o.s.b.w.s.c.ServletWebServerApplicationContext [restartedMain] Root WebApplicationContext: initialization completed in 3008 ms
2023-12-27 20:50:34,924 INFO o.h.j.i.u.LogHelper [restartedMain] HHH000204: Processing PersistenceUnitInfo [name: default]
2023-12-27 20:50:35,002 INFO o.h.Version [restartedMain] HHH000412: Hibernate ORM core version 6.2.13.Final
2023-12-27 20:50:35,007 INFO o.h.c.Environment [restartedMain] HHH000406: Using bytecode reflection optimizer
2023-12-27 20:50:35,428 INFO o.s.o.j.p.SpringPersistenceUnitInfo [restartedMain] No LoadTimeWeaver setup: ignoring JPA class transformer
2023-12-27 20:50:35,474 INFO c.z.h.HikariDataSource [restartedMain] HikariPool-1 - Starting...
2023-12-27 20:50:35,739 INFO c.z.h.p.HikariPool [restartedMain] HikariPool-1 - Added connection org.postgresql.jdbc.PgConnection@475c7636
2023-12-27 20:50:35,742 INFO c.z.h.HikariDataSource [restartedMain] HikariPool-1 - Start completed.
2023-12-27 20:50:35,801 WARN o.h.e.j.d.i.DialectFactoryImpl [restartedMain] HHH90000025: PostgreSQLDialect does not need to be specified explicitly using 'hibernate.dialect' (remove the property setting and it will be selected by default)
2023-12-27 20:50:37,398 INFO o.h.e.t.j.p.i.JtaPlatformInitiator [restartedMain] HHH000489: No JTA platform available (set 'hibernate.transaction.jta.platform' to enable JTA platform integration)
2023-12-27 20:50:37,648 INFO o.s.o.j.AbstractEntityManagerFactoryBean [restartedMain] Initialized JPA EntityManagerFactory for persistence unit 'default'
2023-12-27 20:50:38,423 INFO o.s.d.j.r.q.QueryEnhancerFactory [restartedMain] Hibernate is in classpath; If applicable, HQL parser will be used.
2023-12-27 20:50:39,245 WARN o.s.b.a.t.ThymeleafAutoConfiguration$DefaultTemplateResolverConfiguration [restartedMain] Cannot find template location: classpath:/templates/ (please add some templates, check your Thymeleaf configuration, or set spring.thymeleaf.check-template-location=false)
2023-12-27 20:50:39,432 WARN o.s.b.a.o.j.JpaBaseConfiguration$JpaWebConfiguration [restartedMain] spring.jpa.open-in-view is enabled by default. Therefore, database queries may be performed during view rendering. Explicitly configure spring.jpa.open-in-view to disable this warning
2023-12-27 20:50:40,517 INFO o.s.s.w.DefaultSecurityFilterChain [restartedMain] Will secure any request with [org.springframework.security.web.session.DisableEncodeUrlFilter@51c2b849, org.springframework.security.web.context.request.async.WebAsyncManagerIntegrationFilter@2fad8ade, org.springframework.security.web.context.SecurityContextHolderFilter@45f8f732, org.springframework.security.web.header.HeaderWriterFilter@4fb5085b, org.springframework.security.web.authentication.logout.LogoutFilter@138046c6, project.Challenge_6BinarFood.security.jwt.JWTAuthenticationFilter@1cc84ea4, org.springframework.security.web.savedrequest.RequestCacheAwareFilter@2ad874e0, org.springframework.security.web.servletapi.SecurityContextHolderAwareRequestFilter@7d9b3d1d, org.springframework.security.web.authentication.AnonymousAuthenticationFilter@1e5d3ffd, org.springframework.security.web.session.SessionManagementFilter@13b58a5f, org.springframework.security.web.access.ExceptionTranslationFilter@18b2143e, org.springframework.security.web.access.intercept.AuthorizationFilter@32599906]
2023-12-27 20:50:41,076 INFO o.s.b.d.a.OptionalLiveReloadServer [restartedMain] LiveReload server is running on port 35729
2023-12-27 20:50:41,108 INFO o.a.j.l.DirectJDKLog [restartedMain] Starting ProtocolHandler ["http-nio-8080"]
2023-12-27 20:50:41,137 INFO o.s.b.w.e.t.TomcatWebServer [restartedMain] Tomcat started on port(s): 8080 (http) with context path ''
2023-12-27 20:50:41,148 INFO o.s.b.StartupInfoLogger [restartedMain] Started Challenge6BinarFoodApplication in 10.521 seconds (process running for 14.016)
2023-12-27 21:48:25,974 INFO o.s.b.d.a.LocalDevToolsAutoConfiguration$RestartingClassPathChangeChangedEventListener [File Watcher] Restarting due to 1 class path change (0 additions, 0 deletions, 1 modification)
2023-12-27 21:48:26,072 INFO o.a.j.l.DirectJDKLog [Thread-5] Pausing ProtocolHandler ["http-nio-8080"]
2023-12-27 21:48:26,074 INFO o.a.j.l.DirectJDKLog [Thread-5] Stopping service [Tomcat]
2023-12-27 21:48:26,119 WARN o.a.j.l.DirectJDKLog [Thread-5] The web application [ROOT] appears to have started a thread named [HikariPool-1 housekeeper] but has failed to stop it. This is very likely to create a memory leak. Stack trace of thread:
 java.base/jdk.internal.misc.Unsafe.park(Native Method)
 java.base/java.util.concurrent.locks.LockSupport.parkNanos(LockSupport.java:269)
 java.base/java.util.concurrent.locks.AbstractQueuedSynchronizer$ConditionObject.awaitNanos(AbstractQueuedSynchronizer.java:1758)
 java.base/java.util.concurrent.ScheduledThreadPoolExecutor$DelayedWorkQueue.take(ScheduledThreadPoolExecutor.java:1182)
 java.base/java.util.concurrent.ScheduledThreadPoolExecutor$DelayedWorkQueue.take(ScheduledThreadPoolExecutor.java:899)
 java.base/java.util.concurrent.ThreadPoolExecutor.getTask(ThreadPoolExecutor.java:1070)
 java.base/java.util.concurrent.ThreadPoolExecutor.runWorker(ThreadPoolExecutor.java:1130)
 java.base/java.util.concurrent.ThreadPoolExecutor$Worker.run(ThreadPoolExecutor.java:642)
 java.base/java.lang.Thread.run(Thread.java:1583)
2023-12-27 21:48:26,133 INFO o.a.j.l.DirectJDKLog [Thread-5] Stopping ProtocolHandler ["http-nio-8080"]
2023-12-27 21:48:26,146 INFO o.a.j.l.DirectJDKLog [Thread-5] Destroying ProtocolHandler ["http-nio-8080"]
2023-12-27 21:48:26,164 INFO o.s.o.j.AbstractEntityManagerFactoryBean [Thread-5] Closing JPA EntityManagerFactory for persistence unit 'default'
2023-12-27 21:48:26,215 INFO c.z.h.HikariDataSource [Thread-5] HikariPool-1 - Shutdown initiated...
2023-12-27 21:48:26,237 INFO c.z.h.HikariDataSource [Thread-5] HikariPool-1 - Shutdown completed.
2023-12-27 21:48:26,755 INFO o.s.b.StartupInfoLogger [restartedMain] Starting Challenge6BinarFoodApplication using Java 21 with PID 24492 (B:\SYNRGY\Project_Challange_Binar\Challenge_6-BinarFood\target\classes started by AJAY in B:\SYNRGY\Project_Challange_Binar\Challenge_6-BinarFood)
2023-12-27 21:48:26,756 INFO o.s.b.SpringApplication [restartedMain] No active profile set, falling back to 1 default profile: "default"
2023-12-27 21:48:27,687 INFO o.s.d.r.c.RepositoryConfigurationDelegate [restartedMain] Bootstrapping Spring Data JPA repositories in DEFAULT mode.
2023-12-27 21:48:27,738 INFO o.s.d.r.c.RepositoryConfigurationDelegate [restartedMain] Finished Spring Data repository scanning in 49 ms. Found 6 JPA repository interfaces.
2023-12-27 21:48:28,213 INFO o.s.b.w.e.t.TomcatWebServer [restartedMain] Tomcat initialized with port(s): 8080 (http)
2023-12-27 21:48:28,214 INFO o.a.j.l.DirectJDKLog [restartedMain] Initializing ProtocolHandler ["http-nio-8080"]
2023-12-27 21:48:28,215 INFO o.a.j.l.DirectJDKLog [restartedMain] Starting service [Tomcat]
2023-12-27 21:48:28,215 INFO o.a.j.l.DirectJDKLog [restartedMain] Starting Servlet engine: [Apache Tomcat/10.1.15]
2023-12-27 21:48:28,296 INFO o.a.j.l.DirectJDKLog [restartedMain] Initializing Spring embedded WebApplicationContext
2023-12-27 21:48:28,296 INFO o.s.b.w.s.c.ServletWebServerApplicationContext [restartedMain] Root WebApplicationContext: initialization completed in 1532 ms
2023-12-27 21:48:28,409 INFO o.h.j.i.u.LogHelper [restartedMain] HHH000204: Processing PersistenceUnitInfo [name: default]
2023-12-27 21:48:28,421 INFO o.s.o.j.p.SpringPersistenceUnitInfo [restartedMain] No LoadTimeWeaver setup: ignoring JPA class transformer
2023-12-27 21:48:28,423 INFO c.z.h.HikariDataSource [restartedMain] HikariPool-2 - Starting...
2023-12-27 21:48:28,493 INFO c.z.h.p.HikariPool [restartedMain] HikariPool-2 - Added connection org.postgresql.jdbc.PgConnection@8d7b3b7
2023-12-27 21:48:28,494 INFO c.z.h.HikariDataSource [restartedMain] HikariPool-2 - Start completed.
2023-12-27 21:48:28,511 WARN o.h.e.j.d.i.DialectFactoryImpl [restartedMain] HHH90000025: PostgreSQLDialect does not need to be specified explicitly using 'hibernate.dialect' (remove the property setting and it will be selected by default)
2023-12-27 21:48:28,799 INFO o.h.e.t.j.p.i.JtaPlatformInitiator [restartedMain] HHH000489: No JTA platform available (set 'hibernate.transaction.jta.platform' to enable JTA platform integration)
2023-12-27 21:48:28,956 INFO o.s.o.j.AbstractEntityManagerFactoryBean [restartedMain] Initialized JPA EntityManagerFactory for persistence unit 'default'
2023-12-27 21:48:29,460 WARN o.s.b.a.t.ThymeleafAutoConfiguration$DefaultTemplateResolverConfiguration [restartedMain] Cannot find template location: classpath:/templates/ (please add some templates, check your Thymeleaf configuration, or set spring.thymeleaf.check-template-location=false)
2023-12-27 21:48:29,530 WARN o.s.b.a.o.j.JpaBaseConfiguration$JpaWebConfiguration [restartedMain] spring.jpa.open-in-view is enabled by default. Therefore, database queries may be performed during view rendering. Explicitly configure spring.jpa.open-in-view to disable this warning
2023-12-27 21:48:30,245 INFO o.s.s.w.DefaultSecurityFilterChain [restartedMain] Will secure any request with [org.springframework.security.web.session.DisableEncodeUrlFilter@38d3c296, org.springframework.security.web.context.request.async.WebAsyncManagerIntegrationFilter@5b45135c, org.springframework.security.web.context.SecurityContextHolderFilter@48d598e3, org.springframework.security.web.header.HeaderWriterFilter@1786d50a, org.springframework.security.web.authentication.logout.LogoutFilter@25f10c8f, project.Challenge_6BinarFood.security.jwt.JWTAuthenticationFilter@27ca2a4b, org.springframework.security.web.savedrequest.RequestCacheAwareFilter@44bd5c29, org.springframework.security.web.servletapi.SecurityContextHolderAwareRequestFilter@6532ff31, org.springframework.security.web.authentication.AnonymousAuthenticationFilter@4a4bdedc, org.springframework.security.web.session.SessionManagementFilter@4e6884bc, org.springframework.security.web.access.ExceptionTranslationFilter@776f6179, org.springframework.security.web.access.intercept.AuthorizationFilter@2a2a30a8]
2023-12-27 21:48:30,420 INFO o.s.b.d.a.OptionalLiveReloadServer [restartedMain] LiveReload server is running on port 35729
2023-12-27 21:48:30,435 INFO o.a.j.l.DirectJDKLog [restartedMain] Starting ProtocolHandler ["http-nio-8080"]
2023-12-27 21:48:30,439 INFO o.s.b.w.e.t.TomcatWebServer [restartedMain] Tomcat started on port(s): 8080 (http) with context path ''
2023-12-27 21:48:30,443 INFO o.s.b.StartupInfoLogger [restartedMain] Started Challenge6BinarFoodApplication in 3.828 seconds (process running for 3483.311)
2023-12-27 21:48:30,446 INFO o.s.b.d.a.ConditionEvaluationDeltaLoggingListener [restartedMain] Condition evaluation unchanged
2023-12-27 21:48:47,371 INFO o.s.b.d.a.LocalDevToolsAutoConfiguration$RestartingClassPathChangeChangedEventListener [File Watcher] Restarting due to 1 class path change (0 additions, 0 deletions, 1 modification)
2023-12-27 21:48:47,387 INFO o.a.j.l.DirectJDKLog [Thread-7] Pausing ProtocolHandler ["http-nio-8080"]
2023-12-27 21:48:47,389 INFO o.a.j.l.DirectJDKLog [Thread-7] Stopping service [Tomcat]
2023-12-27 21:48:47,400 WARN o.a.j.l.DirectJDKLog [Thread-7] The web application [ROOT] appears to have started a thread named [HikariPool-2 housekeeper] but has failed to stop it. This is very likely to create a memory leak. Stack trace of thread:
 java.base/jdk.internal.misc.Unsafe.park(Native Method)
 java.base/java.util.concurrent.locks.LockSupport.parkNanos(LockSupport.java:269)
 java.base/java.util.concurrent.locks.AbstractQueuedSynchronizer$ConditionObject.awaitNanos(AbstractQueuedSynchronizer.java:1758)
 java.base/java.util.concurrent.ScheduledThreadPoolExecutor$DelayedWorkQueue.take(ScheduledThreadPoolExecutor.java:1182)
 java.base/java.util.concurrent.ScheduledThreadPoolExecutor$DelayedWorkQueue.take(ScheduledThreadPoolExecutor.java:899)
 java.base/java.util.concurrent.ThreadPoolExecutor.getTask(ThreadPoolExecutor.java:1070)
 java.base/java.util.concurrent.ThreadPoolExecutor.runWorker(ThreadPoolExecutor.java:1130)
 java.base/java.util.concurrent.ThreadPoolExecutor$Worker.run(ThreadPoolExecutor.java:642)
 java.base/java.lang.Thread.run(Thread.java:1583)
2023-12-27 21:48:47,402 INFO o.a.j.l.DirectJDKLog [Thread-7] Stopping ProtocolHandler ["http-nio-8080"]
2023-12-27 21:48:47,407 INFO o.a.j.l.DirectJDKLog [Thread-7] Destroying ProtocolHandler ["http-nio-8080"]
2023-12-27 21:48:47,417 INFO o.s.o.j.AbstractEntityManagerFactoryBean [Thread-7] Closing JPA EntityManagerFactory for persistence unit 'default'
2023-12-27 21:48:47,419 INFO c.z.h.HikariDataSource [Thread-7] HikariPool-2 - Shutdown initiated...
2023-12-27 21:48:47,423 INFO c.z.h.HikariDataSource [Thread-7] HikariPool-2 - Shutdown completed.
2023-12-27 21:48:47,670 INFO o.s.b.StartupInfoLogger [restartedMain] Starting Challenge6BinarFoodApplication using Java 21 with PID 24492 (B:\SYNRGY\Project_Challange_Binar\Challenge_6-BinarFood\target\classes started by AJAY in B:\SYNRGY\Project_Challange_Binar\Challenge_6-BinarFood)
2023-12-27 21:48:47,670 INFO o.s.b.SpringApplication [restartedMain] No active profile set, falling back to 1 default profile: "default"
2023-12-27 21:48:48,255 INFO o.s.d.r.c.RepositoryConfigurationDelegate [restartedMain] Bootstrapping Spring Data JPA repositories in DEFAULT mode.
2023-12-27 21:48:48,294 INFO o.s.d.r.c.RepositoryConfigurationDelegate [restartedMain] Finished Spring Data repository scanning in 38 ms. Found 6 JPA repository interfaces.
2023-12-27 21:48:48,415 WARN o.s.c.s.AbstractApplicationContext [restartedMain] Exception encountered during context initialization - cancelling refresh attempt: org.springframework.context.ApplicationContextException: Unable to start web server
2023-12-27 21:48:48,422 INFO o.s.b.a.l.ConditionEvaluationReportLogger [restartedMain] 

Error starting ApplicationContext. To display the condition evaluation report re-run your application with 'debug' enabled.
2023-12-27 21:48:48,468 ERROR o.s.b.d.LoggingFailureAnalysisReporter [restartedMain] 

***************************
APPLICATION FAILED TO START
***************************

Description:

Failed to bind properties under 'server.port' to java.lang.Integer:

    Property: server.port
    Value: "http://127.0.0.1:4040  "
    Origin: class path resource [application.properties] - 22:13
    Reason: failed to convert java.lang.String to java.lang.Integer (caused by java.lang.NumberFormatException: For input string: "http://127.0.0.1:4040")

Action:

Update your application's configuration

2023-12-27 21:54:04,787 INFO o.h.v.i.u.Version [background-preinit] HV000001: Hibernate Validator 8.0.1.Final
2023-12-27 21:54:04,872 INFO o.s.b.StartupInfoLogger [restartedMain] Starting Challenge6BinarFoodApplication using Java 21 with PID 3052 (B:\SYNRGY\Project_Challange_Binar\Challenge_6-BinarFood\target\classes started by AJAY in B:\SYNRGY\Project_Challange_Binar\Challenge_6-BinarFood)
2023-12-27 21:54:04,875 INFO o.s.b.SpringApplication [restartedMain] No active profile set, falling back to 1 default profile: "default"
2023-12-27 21:54:04,983 INFO o.s.b.l.DeferredLog [restartedMain] Devtools property defaults active! Set 'spring.devtools.add-properties' to 'false' to disable
2023-12-27 21:54:04,984 INFO o.s.b.l.DeferredLog [restartedMain] For additional web related logging consider setting the 'logging.level.web' property to 'DEBUG'
2023-12-27 21:54:07,059 INFO o.s.d.r.c.RepositoryConfigurationDelegate [restartedMain] Bootstrapping Spring Data JPA repositories in DEFAULT mode.
2023-12-27 21:54:07,272 INFO o.s.d.r.c.RepositoryConfigurationDelegate [restartedMain] Finished Spring Data repository scanning in 186 ms. Found 6 JPA repository interfaces.
2023-12-27 21:54:08,770 INFO o.s.b.w.e.t.TomcatWebServer [restartedMain] Tomcat initialized with port(s): 8080 (http)
2023-12-27 21:54:08,785 INFO o.a.j.l.DirectJDKLog [restartedMain] Initializing ProtocolHandler ["http-nio-8080"]
2023-12-27 21:54:08,787 INFO o.a.j.l.DirectJDKLog [restartedMain] Starting service [Tomcat]
2023-12-27 21:54:08,788 INFO o.a.j.l.DirectJDKLog [restartedMain] Starting Servlet engine: [Apache Tomcat/10.1.15]
2023-12-27 21:54:08,883 INFO o.a.j.l.DirectJDKLog [restartedMain] Initializing Spring embedded WebApplicationContext
2023-12-27 21:54:08,885 INFO o.s.b.w.s.c.ServletWebServerApplicationContext [restartedMain] Root WebApplicationContext: initialization completed in 3899 ms
2023-12-27 21:54:09,090 INFO o.h.j.i.u.LogHelper [restartedMain] HHH000204: Processing PersistenceUnitInfo [name: default]
2023-12-27 21:54:09,179 INFO o.h.Version [restartedMain] HHH000412: Hibernate ORM core version 6.2.13.Final
2023-12-27 21:54:09,185 INFO o.h.c.Environment [restartedMain] HHH000406: Using bytecode reflection optimizer
2023-12-27 21:54:09,618 INFO o.s.o.j.p.SpringPersistenceUnitInfo [restartedMain] No LoadTimeWeaver setup: ignoring JPA class transformer
2023-12-27 21:54:09,660 INFO c.z.h.HikariDataSource [restartedMain] HikariPool-1 - Starting...
2023-12-27 21:54:09,911 INFO c.z.h.p.HikariPool [restartedMain] HikariPool-1 - Added connection org.postgresql.jdbc.PgConnection@5b5375a5
2023-12-27 21:54:09,913 INFO c.z.h.HikariDataSource [restartedMain] HikariPool-1 - Start completed.
2023-12-27 21:54:09,974 WARN o.h.e.j.d.i.DialectFactoryImpl [restartedMain] HHH90000025: PostgreSQLDialect does not need to be specified explicitly using 'hibernate.dialect' (remove the property setting and it will be selected by default)
2023-12-27 21:54:11,812 INFO o.h.e.t.j.p.i.JtaPlatformInitiator [restartedMain] HHH000489: No JTA platform available (set 'hibernate.transaction.jta.platform' to enable JTA platform integration)
2023-12-27 21:54:12,161 INFO o.s.o.j.AbstractEntityManagerFactoryBean [restartedMain] Initialized JPA EntityManagerFactory for persistence unit 'default'
2023-12-27 21:54:13,018 INFO o.s.d.j.r.q.QueryEnhancerFactory [restartedMain] Hibernate is in classpath; If applicable, HQL parser will be used.
2023-12-27 21:54:14,133 WARN o.s.b.a.t.ThymeleafAutoConfiguration$DefaultTemplateResolverConfiguration [restartedMain] Cannot find template location: classpath:/templates/ (please add some templates, check your Thymeleaf configuration, or set spring.thymeleaf.check-template-location=false)
2023-12-27 21:54:14,358 WARN o.s.b.a.o.j.JpaBaseConfiguration$JpaWebConfiguration [restartedMain] spring.jpa.open-in-view is enabled by default. Therefore, database queries may be performed during view rendering. Explicitly configure spring.jpa.open-in-view to disable this warning
2023-12-27 21:54:15,624 INFO o.s.s.w.DefaultSecurityFilterChain [restartedMain] Will secure any request with [org.springframework.security.web.session.DisableEncodeUrlFilter@75b9bc07, org.springframework.security.web.context.request.async.WebAsyncManagerIntegrationFilter@1a649977, org.springframework.security.web.context.SecurityContextHolderFilter@3ce648e4, org.springframework.security.web.header.HeaderWriterFilter@4913e92c, org.springframework.security.web.authentication.logout.LogoutFilter@55d4100f, project.Challenge_6BinarFood.security.jwt.JWTAuthenticationFilter@26e026a7, org.springframework.security.web.savedrequest.RequestCacheAwareFilter@100d6530, org.springframework.security.web.servletapi.SecurityContextHolderAwareRequestFilter@57f15e48, org.springframework.security.web.authentication.AnonymousAuthenticationFilter@3fb001e2, org.springframework.security.web.session.SessionManagementFilter@7b6d51b5, org.springframework.security.web.access.ExceptionTranslationFilter@1586d74, org.springframework.security.web.access.intercept.AuthorizationFilter@2878f94e]
2023-12-27 21:54:16,304 INFO o.s.b.d.a.OptionalLiveReloadServer [restartedMain] LiveReload server is running on port 35729
2023-12-27 21:54:16,339 INFO o.a.j.l.DirectJDKLog [restartedMain] Starting ProtocolHandler ["http-nio-8080"]
2023-12-27 21:54:16,368 INFO o.s.b.w.e.t.TomcatWebServer [restartedMain] Tomcat started on port(s): 8080 (http) with context path ''
2023-12-27 21:54:16,381 INFO o.s.b.StartupInfoLogger [restartedMain] Started Challenge6BinarFoodApplication in 12.327 seconds (process running for 14.19)
2023-12-27 21:55:53,105 INFO o.a.j.l.DirectJDKLog [http-nio-8080-exec-2] Initializing Spring DispatcherServlet 'dispatcherServlet'
2023-12-27 21:55:53,109 INFO o.s.w.s.FrameworkServlet [http-nio-8080-exec-2] Initializing Servlet 'dispatcherServlet'
2023-12-27 21:55:53,140 INFO o.s.w.s.FrameworkServlet [http-nio-8080-exec-2] Completed initialization in 31 ms
2023-12-27 21:55:53,203 ERROR p.C.s.j.AuthEntryPointJwt [http-nio-8080-exec-2] Unauthorized error:Full authentication is required to access this resource
2023-12-27 21:55:53,493 ERROR p.C.s.j.AuthEntryPointJwt [http-nio-8080-exec-1] Unauthorized error:Full authentication is required to access this resource
2023-12-27 21:55:56,610 ERROR p.C.s.j.AuthEntryPointJwt [http-nio-8080-exec-3] Unauthorized error:Full authentication is required to access this resource
2023-12-27 21:55:56,760 ERROR p.C.s.j.AuthEntryPointJwt [http-nio-8080-exec-5] Unauthorized error:Full authentication is required to access this resource
2023-12-27 21:58:25,889 ERROR p.C.s.j.AuthEntryPointJwt [http-nio-8080-exec-7] Unauthorized error:Full authentication is required to access this resource
2023-12-27 22:00:13,422 ERROR o.a.j.l.DirectJDKLog [http-nio-8080-exec-2] Servlet.service() for servlet [dispatcherServlet] in context with path [] threw exception
io.jsonwebtoken.ExpiredJwtException: JWT expired 552535412 milliseconds ago at 2023-12-21T05:31:18.000Z. Current time: 2023-12-27T15:00:13.412Z. Allowed clock skew: 0 milliseconds.
	at io.jsonwebtoken.impl.DefaultJwtParser.parse(DefaultJwtParser.java:682)
	at io.jsonwebtoken.impl.DefaultJwtParser.parse(DefaultJwtParser.java:362)
	at io.jsonwebtoken.impl.DefaultJwtParser.parse(DefaultJwtParser.java:94)
	at io.jsonwebtoken.impl.io.AbstractParser.parse(AbstractParser.java:36)
	at io.jsonwebtoken.impl.io.AbstractParser.parse(AbstractParser.java:29)
	at io.jsonwebtoken.impl.DefaultJwtParser.parseSignedClaims(DefaultJwtParser.java:821)
	at io.jsonwebtoken.impl.DefaultJwtParser.parseClaimsJws(DefaultJwtParser.java:797)
	at project.Challenge_6BinarFood.security.service.JwtService.extractAllClaims(JwtService.java:70)
	at project.Challenge_6BinarFood.security.service.JwtService.extractClaim(JwtService.java:28)
	at project.Challenge_6BinarFood.security.service.JwtService.extractUsername(JwtService.java:24)
	at project.Challenge_6BinarFood.security.jwt.JWTAuthenticationFilter.doFilterInternal(JWTAuthenticationFilter.java:44)
	at org.springframework.web.filter.OncePerRequestFilter.doFilter(OncePerRequestFilter.java:116)
	at org.springframework.security.web.FilterChainProxy$VirtualFilterChain.doFilter(FilterChainProxy.java:374)
	at org.springframework.security.web.authentication.logout.LogoutFilter.doFilter(LogoutFilter.java:107)
	at org.springframework.security.web.authentication.logout.LogoutFilter.doFilter(LogoutFilter.java:93)
	at org.springframework.security.web.FilterChainProxy$VirtualFilterChain.doFilter(FilterChainProxy.java:374)
	at org.springframework.security.web.header.HeaderWriterFilter.doHeadersAfter(HeaderWriterFilter.java:90)
	at org.springframework.security.web.header.HeaderWriterFilter.doFilterInternal(HeaderWriterFilter.java:75)
	at org.springframework.web.filter.OncePerRequestFilter.doFilter(OncePerRequestFilter.java:116)
	at org.springframework.security.web.FilterChainProxy$VirtualFilterChain.doFilter(FilterChainProxy.java:374)
	at org.springframework.security.web.context.SecurityContextHolderFilter.doFilter(SecurityContextHolderFilter.java:82)
	at org.springframework.security.web.context.SecurityContextHolderFilter.doFilter(SecurityContextHolderFilter.java:69)
	at org.springframework.security.web.FilterChainProxy$VirtualFilterChain.doFilter(FilterChainProxy.java:374)
	at org.springframework.security.web.context.request.async.WebAsyncManagerIntegrationFilter.doFilterInternal(WebAsyncManagerIntegrationFilter.java:62)
	at org.springframework.web.filter.OncePerRequestFilter.doFilter(OncePerRequestFilter.java:116)
	at org.springframework.security.web.FilterChainProxy$VirtualFilterChain.doFilter(FilterChainProxy.java:374)
	at org.springframework.security.web.session.DisableEncodeUrlFilter.doFilterInternal(DisableEncodeUrlFilter.java:42)
	at org.springframework.web.filter.OncePerRequestFilter.doFilter(OncePerRequestFilter.java:116)
	at org.springframework.security.web.FilterChainProxy$VirtualFilterChain.doFilter(FilterChainProxy.java:374)
	at org.springframework.security.web.FilterChainProxy.doFilterInternal(FilterChainProxy.java:233)
	at org.springframework.security.web.FilterChainProxy.doFilter(FilterChainProxy.java:191)
	at org.springframework.web.filter.DelegatingFilterProxy.invokeDelegate(DelegatingFilterProxy.java:352)
	at org.springframework.web.filter.DelegatingFilterProxy.doFilter(DelegatingFilterProxy.java:268)
	at org.apache.catalina.core.ApplicationFilterChain.internalDoFilter(ApplicationFilterChain.java:174)
	at org.apache.catalina.core.ApplicationFilterChain.doFilter(ApplicationFilterChain.java:149)
	at org.springframework.web.filter.RequestContextFilter.doFilterInternal(RequestContextFilter.java:100)
	at org.springframework.web.filter.OncePerRequestFilter.doFilter(OncePerRequestFilter.java:116)
	at org.apache.catalina.core.ApplicationFilterChain.internalDoFilter(ApplicationFilterChain.java:174)
	at org.apache.catalina.core.ApplicationFilterChain.doFilter(ApplicationFilterChain.java:149)
	at org.springframework.web.filter.FormContentFilter.doFilterInternal(FormContentFilter.java:93)
	at org.springframework.web.filter.OncePerRequestFilter.doFilter(OncePerRequestFilter.java:116)
	at org.apache.catalina.core.ApplicationFilterChain.internalDoFilter(ApplicationFilterChain.java:174)
	at org.apache.catalina.core.ApplicationFilterChain.doFilter(ApplicationFilterChain.java:149)
	at org.springframework.web.filter.CharacterEncodingFilter.doFilterInternal(CharacterEncodingFilter.java:201)
	at org.springframework.web.filter.OncePerRequestFilter.doFilter(OncePerRequestFilter.java:116)
	at org.apache.catalina.core.ApplicationFilterChain.internalDoFilter(ApplicationFilterChain.java:174)
	at org.apache.catalina.core.ApplicationFilterChain.doFilter(ApplicationFilterChain.java:149)
	at org.apache.catalina.core.StandardWrapperValve.invoke(StandardWrapperValve.java:167)
	at org.apache.catalina.core.StandardContextValve.invoke(StandardContextValve.java:90)
	at org.apache.catalina.authenticator.AuthenticatorBase.invoke(AuthenticatorBase.java:482)
	at org.apache.catalina.core.StandardHostValve.invoke(StandardHostValve.java:115)
	at org.apache.catalina.valves.ErrorReportValve.invoke(ErrorReportValve.java:93)
	at org.apache.catalina.core.StandardEngineValve.invoke(StandardEngineValve.java:74)
	at org.apache.catalina.connector.CoyoteAdapter.service(CoyoteAdapter.java:340)
	at org.apache.coyote.http11.Http11Processor.service(Http11Processor.java:391)
	at org.apache.coyote.AbstractProcessorLight.process(AbstractProcessorLight.java:63)
	at org.apache.coyote.AbstractProtocol$ConnectionHandler.process(AbstractProtocol.java:896)
	at org.apache.tomcat.util.net.NioEndpoint$SocketProcessor.doRun(NioEndpoint.java:1744)
	at org.apache.tomcat.util.net.SocketProcessorBase.run(SocketProcessorBase.java:52)
	at org.apache.tomcat.util.threads.ThreadPoolExecutor.runWorker(ThreadPoolExecutor.java:1191)
	at org.apache.tomcat.util.threads.ThreadPoolExecutor$Worker.run(ThreadPoolExecutor.java:659)
	at org.apache.tomcat.util.threads.TaskThread$WrappingRunnable.run(TaskThread.java:61)
	at java.base/java.lang.Thread.run(Thread.java:1583)
2023-12-27 22:00:13,709 ERROR p.C.s.j.AuthEntryPointJwt [http-nio-8080-exec-2] Unauthorized error:Full authentication is required to access this resource
2023-12-27 22:00:38,488 WARN o.s.w.s.h.AbstractHandlerExceptionResolver [http-nio-8080-exec-1] Resolved [org.springframework.web.HttpRequestMethodNotSupportedException: Request method 'GET' is not supported]
2023-12-27 22:00:38,491 ERROR p.C.s.j.AuthEntryPointJwt [http-nio-8080-exec-1] Unauthorized error:Full authentication is required to access this resource
2023-12-27 22:01:06,223 WARN o.s.w.s.h.AbstractHandlerExceptionResolver [http-nio-8080-exec-5] Resolved [org.springframework.web.HttpRequestMethodNotSupportedException: Request method 'GET' is not supported]
2023-12-27 22:01:06,226 ERROR p.C.s.j.AuthEntryPointJwt [http-nio-8080-exec-5] Unauthorized error:Full authentication is required to access this resource
2023-12-27 22:01:39,896 INFO p.C.s.o.OrderServiceImpl [http-nio-8080-exec-4] Success store data order
2023-12-27 22:01:39,953 INFO p.C.s.o.OrderServiceImpl [http-nio-8080-exec-4] Success store data order detail
